2018/11/30 16:12:40 [error] [php] Undefined variable: row (C:\xampp\htdocs\sisven_dev\protected\controllers\CargaOrdenesMbController.php:252)
Stack trace:
#0 C:\xampp\htdocs\sisven_dev\yii\framework\web\CController.php(308): CInlineAction->runWithParams()
#1 C:\xampp\htdocs\sisven_dev\yii\framework\web\CController.php(286): CargaOrdenesMbController->runAction()
#2 C:\xampp\htdocs\sisven_dev\yii\framework\web\CController.php(265): CargaOrdenesMbController->runActionWithFilters()
#3 C:\xampp\htdocs\sisven_dev\yii\framework\web\CWebApplication.php(282): CargaOrdenesMbController->run()
#4 C:\xampp\htdocs\sisven_dev\yii\framework\web\CWebApplication.php(141): CWebApplication->runController()
#5 C:\xampp\htdocs\sisven_dev\yii\framework\base\CApplication.php(180): CWebApplication->processRequest()
#6 C:\xampp\htdocs\sisven_dev\index.php(16): CWebApplication->run()
REQUEST_URI=/sisven_dev/cargaordenesmb/guardarOrdenes?render=1
in C:\xampp\htdocs\sisven_dev\protected\controllers\CargaOrdenesMbController.php (252)
in C:\xampp\htdocs\sisven_dev\protected\controllers\CargaOrdenesMbController.php (177)
in C:\xampp\htdocs\sisven_dev\index.php (16)
2018/11/30 16:27:14 [warning] [application] Error al establecer unsafe al atributo "rutaArchivo" de "CargaOrdenesMbForm".
in C:\xampp\htdocs\sisven_dev\protected\controllers\CargaOrdenesMbController.php (33)
in C:\xampp\htdocs\sisven_dev\index.php (16)
2018/11/30 16:39:32 [warning] [application] Error al establecer unsafe al atributo "rutaArchivo" de "CargaOrdenesMbForm".
in C:\xampp\htdocs\sisven_dev\protected\controllers\CargaOrdenesMbController.php (33)
in C:\xampp\htdocs\sisven_dev\index.php (16)
2018/11/30 16:46:00 [warning] [application] Error al establecer unsafe al atributo "rutaArchivo" de "CargaOrdenesMbForm".
in C:\xampp\htdocs\sisven_dev\protected\controllers\CargaOrdenesMbController.php (33)
in C:\xampp\htdocs\sisven_dev\index.php (16)
2018/11/30 16:50:56 [error] [exception.CHttpException.404] CHttpException: No es posible resolver la solicitud "VerDatosArchivo" in C:\xampp\htdocs\sisven_dev\yii\framework\web\CWebApplication.php:286
Stack trace:
#0 C:\xampp\htdocs\sisven_dev\yii\framework\web\CWebApplication.php(141): CWebApplication->runController('VerDatosArchivo')
#1 C:\xampp\htdocs\sisven_dev\yii\framework\base\CApplication.php(180): CWebApplication->processRequest()
#2 C:\xampp\htdocs\sisven_dev\index.php(16): CApplication->run()
#3 {main}
REQUEST_URI=/sisven_dev/VerDatosArchivo
HTTP_REFERER=http://10.130.1.67/sisven_dev/RptResumenDiarioHistorial
---
2018/11/30 16:50:56 [error] [exception.CHttpException.404] CHttpException: No es posible resolver la solicitud "ConfigurarGrid" in C:\xampp\htdocs\sisven_dev\yii\framework\web\CWebApplication.php:286
Stack trace:
#0 C:\xampp\htdocs\sisven_dev\yii\framework\web\CWebApplication.php(141): CWebApplication->runController('ConfigurarGrid')
#1 C:\xampp\htdocs\sisven_dev\yii\framework\base\CApplication.php(180): CWebApplication->processRequest()
#2 C:\xampp\htdocs\sisven_dev\index.php(16): CApplication->run()
#3 {main}
REQUEST_URI=/sisven_dev/ConfigurarGrid
HTTP_REFERER=http://10.130.1.67/sisven_dev/RptResumenDiarioHistorial
---
2018/11/30 16:50:56 [error] [exception.CHttpException.404] CHttpException: No es posible resolver la solicitud "ConfigurarGrid" in C:\xampp\htdocs\sisven_dev\yii\framework\web\CWebApplication.php:286
Stack trace:
#0 C:\xampp\htdocs\sisven_dev\yii\framework\web\CWebApplication.php(141): CWebApplication->runController('ConfigurarGrid')
#1 C:\xampp\htdocs\sisven_dev\yii\framework\base\CApplication.php(180): CWebApplication->processRequest()
#2 C:\xampp\htdocs\sisven_dev\index.php(16): CApplication->run()
#3 {main}
REQUEST_URI=/sisven_dev/ConfigurarGrid
HTTP_REFERER=http://10.130.1.67/sisven_dev/RptResumenDiarioHistorial
---
2018/11/30 16:50:56 [error] [exception.CHttpException.404] CHttpException: No es posible resolver la solicitud "ConfigurarGrid" in C:\xampp\htdocs\sisven_dev\yii\framework\web\CWebApplication.php:286
Stack trace:
#0 C:\xampp\htdocs\sisven_dev\yii\framework\web\CWebApplication.php(141): CWebApplication->runController('ConfigurarGrid')
#1 C:\xampp\htdocs\sisven_dev\yii\framework\base\CApplication.php(180): CWebApplication->processRequest()
#2 C:\xampp\htdocs\sisven_dev\index.php(16): CApplication->run()
#3 {main}
REQUEST_URI=/sisven_dev/ConfigurarGrid
HTTP_REFERER=http://10.130.1.67/sisven_dev/RptResumenDiarioHistorial
---
2018/11/30 16:50:56 [error] [exception.CHttpException.404] CHttpException: No es posible resolver la solicitud "ConfigurarGrid" in C:\xampp\htdocs\sisven_dev\yii\framework\web\CWebApplication.php:286
Stack trace:
#0 C:\xampp\htdocs\sisven_dev\yii\framework\web\CWebApplication.php(141): CWebApplication->runController('ConfigurarGrid')
#1 C:\xampp\htdocs\sisven_dev\yii\framework\base\CApplication.php(180): CWebApplication->processRequest()
#2 C:\xampp\htdocs\sisven_dev\index.php(16): CApplication->run()
#3 {main}
REQUEST_URI=/sisven_dev/ConfigurarGrid
HTTP_REFERER=http://10.130.1.67/sisven_dev/RptResumenDiarioHistorial
---
2018/11/30 16:50:56 [error] [exception.CHttpException.404] CHttpException: No es posible resolver la solicitud "ConfigurarGrid" in C:\xampp\htdocs\sisven_dev\yii\framework\web\CWebApplication.php:286
Stack trace:
#0 C:\xampp\htdocs\sisven_dev\yii\framework\web\CWebApplication.php(141): CWebApplication->runController('ConfigurarGrid')
#1 C:\xampp\htdocs\sisven_dev\yii\framework\base\CApplication.php(180): CWebApplication->processRequest()
#2 C:\xampp\htdocs\sisven_dev\index.php(16): CApplication->run()
#3 {main}
REQUEST_URI=/sisven_dev/ConfigurarGrid
HTTP_REFERER=http://10.130.1.67/sisven_dev/RptResumenDiarioHistorial
---
2018/11/30 16:50:56 [error] [exception.CHttpException.404] CHttpException: No es posible resolver la solicitud "ConfigurarGrid" in C:\xampp\htdocs\sisven_dev\yii\framework\web\CWebApplication.php:286
Stack trace:
#0 C:\xampp\htdocs\sisven_dev\yii\framework\web\CWebApplication.php(141): CWebApplication->runController('ConfigurarGrid')
#1 C:\xampp\htdocs\sisven_dev\yii\framework\base\CApplication.php(180): CWebApplication->processRequest()
#2 C:\xampp\htdocs\sisven_dev\index.php(16): CApplication->run()
#3 {main}
REQUEST_URI=/sisven_dev/ConfigurarGrid
HTTP_REFERER=http://10.130.1.67/sisven_dev/RptResumenDiarioHistorial
---
2018/11/30 16:50:56 [error] [exception.CHttpException.404] CHttpException: No es posible resolver la solicitud "ConfigurarGrid" in C:\xampp\htdocs\sisven_dev\yii\framework\web\CWebApplication.php:286
Stack trace:
#0 C:\xampp\htdocs\sisven_dev\yii\framework\web\CWebApplication.php(141): CWebApplication->runController('ConfigurarGrid')
#1 C:\xampp\htdocs\sisven_dev\yii\framework\base\CApplication.php(180): CWebApplication->processRequest()
#2 C:\xampp\htdocs\sisven_dev\index.php(16): CApplication->run()
#3 {main}
REQUEST_URI=/sisven_dev/ConfigurarGrid
HTTP_REFERER=http://10.130.1.67/sisven_dev/RptResumenDiarioHistorial
---
2018/11/30 16:50:57 [error] [exception.CHttpException.404] CHttpException: No es posible resolver la solicitud "ConfigurarGrid" in C:\xampp\htdocs\sisven_dev\yii\framework\web\CWebApplication.php:286
Stack trace:
#0 C:\xampp\htdocs\sisven_dev\yii\framework\web\CWebApplication.php(141): CWebApplication->runController('ConfigurarGrid')
#1 C:\xampp\htdocs\sisven_dev\yii\framework\base\CApplication.php(180): CWebApplication->processRequest()
#2 C:\xampp\htdocs\sisven_dev\index.php(16): CApplication->run()
#3 {main}
REQUEST_URI=/sisven_dev/ConfigurarGrid
HTTP_REFERER=http://10.130.1.67/sisven_dev/RptResumenDiarioHistorial
---
2018/11/30 16:50:57 [error] [exception.CHttpException.404] CHttpException: No es posible resolver la solicitud "ConfigurarGrid" in C:\xampp\htdocs\sisven_dev\yii\framework\web\CWebApplication.php:286
Stack trace:
#0 C:\xampp\htdocs\sisven_dev\yii\framework\web\CWebApplication.php(141): CWebApplication->runController('ConfigurarGrid')
#1 C:\xampp\htdocs\sisven_dev\yii\framework\base\CApplication.php(180): CWebApplication->processRequest()
#2 C:\xampp\htdocs\sisven_dev\index.php(16): CApplication->run()
#3 {main}
REQUEST_URI=/sisven_dev/ConfigurarGrid
HTTP_REFERER=http://10.130.1.67/sisven_dev/RptResumenDiarioHistorial
---
2018/11/30 16:50:57 [error] [exception.CHttpException.404] CHttpException: No es posible resolver la solicitud "ConfigurarGrid" in C:\xampp\htdocs\sisven_dev\yii\framework\web\CWebApplication.php:286
Stack trace:
#0 C:\xampp\htdocs\sisven_dev\yii\framework\web\CWebApplication.php(141): CWebApplication->runController('ConfigurarGrid')
#1 C:\xampp\htdocs\sisven_dev\yii\framework\base\CApplication.php(180): CWebApplication->processRequest()
#2 C:\xampp\htdocs\sisven_dev\index.php(16): CApplication->run()
#3 {main}
REQUEST_URI=/sisven_dev/ConfigurarGrid
HTTP_REFERER=http://10.130.1.67/sisven_dev/RptResumenDiarioHistorial
---
2018/11/30 16:50:57 [error] [exception.CHttpException.404] CHttpException: No es posible resolver la solicitud "ConfigurarGrid" in C:\xampp\htdocs\sisven_dev\yii\framework\web\CWebApplication.php:286
Stack trace:
#0 C:\xampp\htdocs\sisven_dev\yii\framework\web\CWebApplication.php(141): CWebApplication->runController('ConfigurarGrid')
#1 C:\xampp\htdocs\sisven_dev\yii\framework\base\CApplication.php(180): CWebApplication->processRequest()
#2 C:\xampp\htdocs\sisven_dev\index.php(16): CApplication->run()
#3 {main}
REQUEST_URI=/sisven_dev/ConfigurarGrid
HTTP_REFERER=http://10.130.1.67/sisven_dev/RptResumenDiarioHistorial
---
2018/11/30 16:50:57 [error] [exception.CHttpException.404] CHttpException: No es posible resolver la solicitud "ConfigurarGrid" in C:\xampp\htdocs\sisven_dev\yii\framework\web\CWebApplication.php:286
Stack trace:
#0 C:\xampp\htdocs\sisven_dev\yii\framework\web\CWebApplication.php(141): CWebApplication->runController('ConfigurarGrid')
#1 C:\xampp\htdocs\sisven_dev\yii\framework\base\CApplication.php(180): CWebApplication->processRequest()
#2 C:\xampp\htdocs\sisven_dev\index.php(16): CApplication->run()
#3 {main}
REQUEST_URI=/sisven_dev/ConfigurarGrid
HTTP_REFERER=http://10.130.1.67/sisven_dev/RptResumenDiarioHistorial
---
2018/11/30 16:50:57 [error] [exception.CHttpException.404] CHttpException: No es posible resolver la solicitud "ConfigurarGrid" in C:\xampp\htdocs\sisven_dev\yii\framework\web\CWebApplication.php:286
Stack trace:
#0 C:\xampp\htdocs\sisven_dev\yii\framework\web\CWebApplication.php(141): CWebApplication->runController('ConfigurarGrid')
#1 C:\xampp\htdocs\sisven_dev\yii\framework\base\CApplication.php(180): CWebApplication->processRequest()
#2 C:\xampp\htdocs\sisven_dev\index.php(16): CApplication->run()
#3 {main}
REQUEST_URI=/sisven_dev/ConfigurarGrid
HTTP_REFERER=http://10.130.1.67/sisven_dev/RptResumenDiarioHistorial
---
2018/11/30 16:50:57 [error] [exception.CHttpException.404] CHttpException: No es posible resolver la solicitud "ConfigurarGrid" in C:\xampp\htdocs\sisven_dev\yii\framework\web\CWebApplication.php:286
Stack trace:
#0 C:\xampp\htdocs\sisven_dev\yii\framework\web\CWebApplication.php(141): CWebApplication->runController('ConfigurarGrid')
#1 C:\xampp\htdocs\sisven_dev\yii\framework\base\CApplication.php(180): CWebApplication->processRequest()
#2 C:\xampp\htdocs\sisven_dev\index.php(16): CApplication->run()
#3 {main}
REQUEST_URI=/sisven_dev/ConfigurarGrid
HTTP_REFERER=http://10.130.1.67/sisven_dev/RptResumenDiarioHistorial
---
2018/11/30 16:50:57 [error] [exception.CHttpException.404] CHttpException: No es posible resolver la solicitud "ConfigurarGrid" in C:\xampp\htdocs\sisven_dev\yii\framework\web\CWebApplication.php:286
Stack trace:
#0 C:\xampp\htdocs\sisven_dev\yii\framework\web\CWebApplication.php(141): CWebApplication->runController('ConfigurarGrid')
#1 C:\xampp\htdocs\sisven_dev\yii\framework\base\CApplication.php(180): CWebApplication->processRequest()
#2 C:\xampp\htdocs\sisven_dev\index.php(16): CApplication->run()
#3 {main}
REQUEST_URI=/sisven_dev/ConfigurarGrid
HTTP_REFERER=http://10.130.1.67/sisven_dev/RptResumenDiarioHistorial
---
2018/11/30 16:50:57 [error] [exception.CHttpException.404] CHttpException: No es posible resolver la solicitud "ConfigurarGrid" in C:\xampp\htdocs\sisven_dev\yii\framework\web\CWebApplication.php:286
Stack trace:
#0 C:\xampp\htdocs\sisven_dev\yii\framework\web\CWebApplication.php(141): CWebApplication->runController('ConfigurarGrid')
#1 C:\xampp\htdocs\sisven_dev\yii\framework\base\CApplication.php(180): CWebApplication->processRequest()
#2 C:\xampp\htdocs\sisven_dev\index.php(16): CApplication->run()
#3 {main}
REQUEST_URI=/sisven_dev/ConfigurarGrid
HTTP_REFERER=http://10.130.1.67/sisven_dev/RptResumenDiarioHistorial
---
2018/11/30 16:50:57 [error] [exception.CHttpException.404] CHttpException: No es posible resolver la solicitud "ConfigurarGrid" in C:\xampp\htdocs\sisven_dev\yii\framework\web\CWebApplication.php:286
Stack trace:
#0 C:\xampp\htdocs\sisven_dev\yii\framework\web\CWebApplication.php(141): CWebApplication->runController('ConfigurarGrid')
#1 C:\xampp\htdocs\sisven_dev\yii\framework\base\CApplication.php(180): CWebApplication->processRequest()
#2 C:\xampp\htdocs\sisven_dev\index.php(16): CApplication->run()
#3 {main}
REQUEST_URI=/sisven_dev/ConfigurarGrid
HTTP_REFERER=http://10.130.1.67/sisven_dev/RptResumenDiarioHistorial
---
2018/11/30 16:50:57 [error] [exception.CHttpException.404] CHttpException: No es posible resolver la solicitud "ConfigurarGrid" in C:\xampp\htdocs\sisven_dev\yii\framework\web\CWebApplication.php:286
Stack trace:
#0 C:\xampp\htdocs\sisven_dev\yii\framework\web\CWebApplication.php(141): CWebApplication->runController('ConfigurarGrid')
#1 C:\xampp\htdocs\sisven_dev\yii\framework\base\CApplication.php(180): CWebApplication->processRequest()
#2 C:\xampp\htdocs\sisven_dev\index.php(16): CApplication->run()
#3 {main}
REQUEST_URI=/sisven_dev/ConfigurarGrid
HTTP_REFERER=http://10.130.1.67/sisven_dev/RptResumenDiarioHistorial
---
2018/11/30 16:50:57 [error] [exception.CHttpException.404] CHttpException: No es posible resolver la solicitud "VerDatosArchivo" in C:\xampp\htdocs\sisven_dev\yii\framework\web\CWebApplication.php:286
Stack trace:
#0 C:\xampp\htdocs\sisven_dev\yii\framework\web\CWebApplication.php(141): CWebApplication->runController('VerDatosArchivo')
#1 C:\xampp\htdocs\sisven_dev\yii\framework\base\CApplication.php(180): CWebApplication->processRequest()
#2 C:\xampp\htdocs\sisven_dev\index.php(16): CApplication->run()
#3 {main}
REQUEST_URI=/sisven_dev/VerDatosArchivo
HTTP_REFERER=http://10.130.1.67/sisven_dev/RptResumenDiarioHistorial
---
2018/11/30 16:50:57 [error] [exception.CHttpException.404] CHttpException: No es posible resolver la solicitud "ConfigurarGrid" in C:\xampp\htdocs\sisven_dev\yii\framework\web\CWebApplication.php:286
Stack trace:
#0 C:\xampp\htdocs\sisven_dev\yii\framework\web\CWebApplication.php(141): CWebApplication->runController('ConfigurarGrid')
#1 C:\xampp\htdocs\sisven_dev\yii\framework\base\CApplication.php(180): CWebApplication->processRequest()
#2 C:\xampp\htdocs\sisven_dev\index.php(16): CApplication->run()
#3 {main}
REQUEST_URI=/sisven_dev/ConfigurarGrid
HTTP_REFERER=http://10.130.1.67/sisven_dev/RptResumenDiarioHistorial
---
2018/11/30 16:50:57 [error] [exception.CHttpException.404] CHttpException: No es posible resolver la solicitud "ConfigurarGrid" in C:\xampp\htdocs\sisven_dev\yii\framework\web\CWebApplication.php:286
Stack trace:
#0 C:\xampp\htdocs\sisven_dev\yii\framework\web\CWebApplication.php(141): CWebApplication->runController('ConfigurarGrid')
#1 C:\xampp\htdocs\sisven_dev\yii\framework\base\CApplication.php(180): CWebApplication->processRequest()
#2 C:\xampp\htdocs\sisven_dev\index.php(16): CApplication->run()
#3 {main}
REQUEST_URI=/sisven_dev/ConfigurarGrid
HTTP_REFERER=http://10.130.1.67/sisven_dev/RptResumenDiarioHistorial
---
